<?xml version="1.0" encoding="UTF-8"?>
<testsuite xmlns:xsi="http://www.w3.org/2001/XMLSchema-instance" xsi:noNamespaceSchemaLocation="https://maven.apache.org/surefire/maven-surefire-plugin/xsd/surefire-test-report-3.0.xsd" version="3.0" name="com.finance.test.TestInvestment" time="0.83" tests="1" errors="0" skipped="0" failures="0">
  <properties>
[...]
</properties>
  <testcase name="testInvestmentFlow" classname="com.finance.test.TestInvestment" time="0.823">
    <system-out><![CDATA[Running TestInvestment...
Test User ID: 11
Verified: Investment average cost calculation works.
]]></system-out>
  </testcase>
</testsuite>