<?xml version="1.0" encoding="UTF-8"?>
<testsuite xmlns:xsi="http://www.w3.org/2001/XMLSchema-instance" xsi:noNamespaceSchemaLocation="https://maven.apache.org/surefire/maven-surefire-plugin/xsd/surefire-test-report-3.0.xsd" version="3.0" name="com.finance.test.TestRecurringExpense" time="0.244" tests="1" errors="0" skipped="0" failures="0">
  <properties>
[...]
</properties>
  <testcase name="testRecurringExpenseFlow" classname="com.finance.test.TestRecurringExpense" time="0.235">
    <system-out><![CDATA[Running TestRecurringExpense...
Test User ID: 10
Recurring Expense added.
Verified: Recurring expense found in DB.
Simulating Scheduler Run 1...
Scheduler running. Checking recurring expenses...
Success: Scheduler created the expense.
Simulating Scheduler Run 2...
Scheduler running. Checking recurring expenses...
Test Completed.
]]></system-out>
  </testcase>
</testsuite>